TN:
SF:src\Applications\security\AuthenticationTokenManager.js
FN:2,(anonymous_0)
FN:6,(anonymous_1)
FN:10,(anonymous_2)
FN:14,(anonymous_3)
FNF:4
FNH:4
FNDA:1,(anonymous_0)
FNDA:1,(anonymous_1)
FNDA:1,(anonymous_2)
FNDA:1,(anonymous_3)
DA:3,1
DA:7,1
DA:11,1
DA:15,1
DA:19,6
LF:5
LH:5
BRF:0
BRH:0
end_of_record
TN:
SF:src\Applications\security\PasswordHash.js
FN:2,(anonymous_0)
FNF:1
FNH:1
FNDA:1,(anonymous_0)
DA:3,1
DA:7,7
LF:2
LH:2
BRF:0
BRH:0
end_of_record
TN:
SF:src\Applications\use_case\AddFoodUseCase.js
FN:4,(anonymous_0)
FN:8,(anonymous_1)
FNF:2
FNH:2
FNDA:4,(anonymous_0)
FNDA:1,(anonymous_1)
DA:1,4
DA:5,4
DA:9,1
DA:10,1
DA:13,1
DA:17,4
LF:6
LH:6
BRF:0
BRH:0
end_of_record
TN:
SF:src\Applications\use_case\AddUserUseCase.js
FN:4,(anonymous_0)
FN:9,(anonymous_1)
FNF:2
FNH:2
FNDA:4,(anonymous_0)
FNDA:8,(anonymous_1)
DA:1,4
DA:5,4
DA:6,4
DA:11,8
DA:12,4
DA:13,4
DA:15,4
DA:19,4
LF:8
LH:8
BRF:0
BRH:0
end_of_record
TN:
SF:src\Applications\use_case\LoginUserUseCase.js
FN:5,(anonymous_0)
FN:17,(anonymous_1)
FNF:2
FNH:2
FNDA:4,(anonymous_0)
FNDA:7,(anonymous_1)
DA:1,4
DA:2,4
DA:11,4
DA:12,4
DA:13,4
DA:14,4
DA:19,7
DA:21,5
DA:23,4
DA:26,3
DA:29,2
DA:30,2
DA:34,2
DA:39,2
DA:42,2
DA:46,4
LF:16
LH:16
BRF:0
BRH:0
end_of_record
TN:
SF:src\Applications\use_case\LogoutUserUseCase.js
FN:2,(anonymous_0)
FN:8,(anonymous_1)
FN:16,(anonymous_2)
FNF:3
FNH:3
FNDA:6,(anonymous_0)
FNDA:7,(anonymous_1)
FNDA:7,(anonymous_2)
DA:5,6
DA:10,7
DA:11,3
DA:12,3
DA:13,2
DA:17,7
DA:19,7
DA:20,2
DA:23,5
DA:24,2
DA:29,4
LF:11
LH:11
BRDA:19,0,0,2
BRDA:19,0,1,5
BRDA:23,1,0,2
BRDA:23,1,1,3
BRF:4
BRH:4
end_of_record
TN:
SF:src\Applications\use_case\RefreshAuthenticationUseCase.js
FN:2,(anonymous_0)
FN:10,(anonymous_1)
FN:24,(anonymous_2)
FNF:3
FNH:3
FNDA:3,(anonymous_0)
FNDA:5,(anonymous_1)
FNDA:5,(anonymous_2)
DA:6,3
DA:7,3
DA:12,5
DA:13,3
DA:15,3
DA:16,2
DA:18,1
DA:21,1
DA:25,5
DA:27,5
DA:28,1
DA:31,4
DA:32,1
DA:37,3
LF:14
LH:14
BRDA:27,0,0,1
BRDA:27,0,1,4
BRDA:31,1,0,1
BRDA:31,1,1,3
BRF:4
BRH:4
end_of_record
TN:
SF:src\Commons\exceptions\AuthenticationError.js
FN:4,(anonymous_0)
FNF:1
FNH:1
FNDA:3,(anonymous_0)
DA:1,5
DA:5,3
DA:6,3
DA:10,5
LF:4
LH:4
BRF:0
BRH:0
end_of_record
TN:
SF:src\Commons\exceptions\ClientError.js
FN:2,(anonymous_0)
FNF:1
FNH:1
FNDA:76,(anonymous_0)
DA:3,76
DA:5,76
DA:6,1
DA:9,75
DA:10,75
DA:14,13
LF:6
LH:6
BRDA:2,0,0,72
BRDA:5,1,0,1
BRDA:5,1,1,75
BRF:3
BRH:3
end_of_record
TN:
SF:src\Commons\exceptions\DomainErrorTranslator.js
FN:4,(anonymous_0)
FNF:1
FNH:1
FNDA:23,(anonymous_0)
DA:1,4
DA:3,4
DA:5,23
DA:9,4
DA:27,4
LF:5
LH:5
BRDA:5,0,0,23
BRDA:5,0,1,9
BRF:2
BRH:2
end_of_record
TN:
SF:src\Commons\exceptions\InvariantError.js
FN:4,(anonymous_0)
FNF:1
FNH:1
FNDA:71,(anonymous_0)
DA:1,9
DA:5,71
DA:6,71
DA:10,9
LF:4
LH:4
BRF:0
BRH:0
end_of_record
TN:
SF:src\Commons\exceptions\NotFoundError.js
FN:4,(anonymous_0)
FNF:1
FNH:1
FNDA:1,(anonymous_0)
DA:1,1
DA:5,1
DA:6,1
DA:10,1
LF:4
LH:4
BRF:0
BRH:0
end_of_record
TN:
SF:src\Domains\authentications\AuthenticationRepository.js
FN:2,(anonymous_0)
FN:6,(anonymous_1)
FN:10,(anonymous_2)
FNF:3
FNH:3
FNDA:1,(anonymous_0)
FNDA:1,(anonymous_1)
FNDA:1,(anonymous_2)
DA:3,1
DA:7,1
DA:11,1
DA:15,7
LF:4
LH:4
BRF:0
BRH:0
end_of_record
TN:
SF:src\Domains\authentications\entities\Auth.js
FN:2,(anonymous_0)
FN:9,(anonymous_1)
FNF:2
FNH:2
FNDA:6,(anonymous_0)
FNDA:6,(anonymous_1)
DA:3,6
DA:5,4
DA:6,4
DA:10,6
DA:12,6
DA:13,1
DA:16,5
DA:17,1
DA:22,5
LF:9
LH:9
BRDA:12,0,0,1
BRDA:12,0,1,5
BRDA:12,1,0,6
BRDA:12,1,1,6
BRDA:16,2,0,1
BRDA:16,2,1,4
BRDA:16,3,0,5
BRDA:16,3,1,5
BRF:8
BRH:8
end_of_record
TN:
SF:src\Domains\foods\FoodRepository.js
FN:2,(anonymous_0)
FN:6,(anonymous_1)
FN:10,(anonymous_2)
FN:14,(anonymous_3)
FN:18,(anonymous_4)
FN:22,(anonymous_5)
FNF:6
FNH:6
FNDA:1,(anonymous_0)
FNDA:1,(anonymous_1)
FNDA:1,(anonymous_2)
FNDA:1,(anonymous_3)
FNDA:1,(anonymous_4)
FNDA:1,(anonymous_5)
DA:3,1
DA:7,1
DA:11,1
DA:15,1
DA:19,1
DA:23,1
DA:27,6
LF:7
LH:7
BRF:0
BRH:0
end_of_record
TN:
SF:src\Domains\foods\entities\AddedFood.js
FN:4,(anonymous_0)
FN:19,(anonymous_1)
FN:29,(anonymous_2)
FNF:3
FNH:3
FNDA:4,(anonymous_0)
FNDA:4,(anonymous_1)
FNDA:4,(anonymous_2)
DA:1,6
DA:5,4
DA:8,4
DA:10,2
DA:12,2
DA:13,2
DA:14,2
DA:15,2
DA:16,2
DA:20,4
DA:21,4
DA:25,4
DA:35,4
DA:36,2
DA:39,2
DA:41,0
DA:46,6
LF:17
LH:16
BRDA:35,0,0,2
BRDA:35,0,1,2
BRDA:35,1,0,4
BRDA:35,1,1,4
BRDA:35,1,2,4
BRDA:35,1,3,4
BRDA:35,1,4,2
BRDA:39,2,0,0
BRDA:39,2,1,2
BRDA:39,3,0,2
BRDA:39,3,1,2
BRDA:39,3,2,2
BRDA:39,3,3,2
BRDA:39,3,4,2
BRF:14
BRH:13
end_of_record
TN:
SF:src\Domains\foods\entities\NewFood.js
FN:2,(anonymous_0)
FN:13,(anonymous_1)
FNF:2
FNH:2
FNDA:4,(anonymous_0)
FNDA:4,(anonymous_1)
DA:3,4
DA:5,2
DA:7,2
DA:8,2
DA:9,2
DA:10,2
DA:14,4
DA:15,1
DA:18,3
DA:20,1
DA:25,6
LF:11
LH:11
BRDA:14,0,0,1
BRDA:14,0,1,3
BRDA:14,1,0,4
BRDA:14,1,1,4
BRDA:14,1,2,4
BRDA:14,1,3,3
BRDA:18,2,0,1
BRDA:18,2,1,2
BRDA:18,3,0,3
BRDA:18,3,1,3
BRDA:18,3,2,2
BRDA:18,3,3,2
BRF:12
BRH:12
end_of_record
TN:
SF:src\Domains\users\UserRepository.js
FN:2,(anonymous_0)
FN:6,(anonymous_1)
FN:10,(anonymous_2)
FN:14,(anonymous_3)
FNF:4
FNH:4
FNDA:1,(anonymous_0)
FNDA:1,(anonymous_1)
FNDA:1,(anonymous_2)
FNDA:1,(anonymous_3)
DA:3,1
DA:7,1
DA:11,1
DA:15,1
DA:19,7
LF:5
LH:5
BRF:0
BRH:0
end_of_record
TN:
SF:src\Domains\users\entities\RegisterUser.js
FN:2,(anonymous_0)
FN:14,(anonymous_1)
FNF:2
FNH:2
FNDA:17,(anonymous_0)
FNDA:17,(anonymous_1)
DA:3,17
DA:5,8
DA:7,8
DA:8,8
DA:9,8
DA:10,8
DA:11,8
DA:16,17
DA:18,2
DA:21,15
DA:25,2
DA:28,13
DA:29,2
DA:32,11
DA:33,2
DA:36,9
DA:37,1
DA:42,6
LF:18
LH:18
BRDA:16,0,0,2
BRDA:16,0,1,15
BRDA:16,1,0,17
BRDA:16,1,1,16
BRDA:16,1,2,16
BRDA:16,1,3,15
BRDA:16,1,4,15
BRDA:21,2,0,2
BRDA:21,2,1,13
BRDA:21,3,0,15
BRDA:21,3,1,14
BRDA:21,3,2,14
BRDA:21,3,3,14
BRDA:21,3,4,13
BRDA:28,4,0,2
BRDA:28,4,1,11
BRDA:32,5,0,2
BRDA:32,5,1,9
BRDA:36,6,0,1
BRDA:36,6,1,8
BRF:20
BRH:20
end_of_record
TN:
SF:src\Domains\users\entities\RegisteredUser.js
FN:2,(anonymous_0)
FN:15,(anonymous_1)
FNF:2
FNH:2
FNDA:10,(anonymous_0)
FNDA:10,(anonymous_1)
DA:3,10
DA:5,8
DA:7,8
DA:8,8
DA:9,8
DA:10,8
DA:11,8
DA:12,8
DA:16,10
DA:17,1
DA:20,9
DA:23,1
DA:29,6
LF:13
LH:13
BRDA:5,0,0,8
BRDA:16,1,0,1
BRDA:16,1,1,9
BRDA:16,2,0,10
BRDA:16,2,1,10
BRDA:16,2,2,10
BRDA:16,2,3,10
BRDA:16,2,4,10
BRDA:20,3,0,1
BRDA:20,3,1,8
BRDA:20,4,0,9
BRDA:20,4,1,9
BRDA:20,4,2,8
BRDA:20,4,3,8
BRDA:20,4,4,8
BRF:15
BRH:15
end_of_record
TN:
SF:src\Domains\users\entities\UserLogin.js
FN:2,(anonymous_0)
FN:9,(anonymous_1)
FNF:2
FNH:2
FNDA:10,(anonymous_0)
FNDA:10,(anonymous_1)
DA:3,10
DA:5,6
DA:6,6
DA:10,10
DA:12,10
DA:13,2
DA:16,8
DA:17,2
DA:22,5
LF:9
LH:9
BRDA:12,0,0,2
BRDA:12,0,1,8
BRDA:12,1,0,10
BRDA:12,1,1,10
BRDA:16,2,0,2
BRDA:16,2,1,6
BRDA:16,3,0,8
BRDA:16,3,1,8
BRF:8
BRH:8
end_of_record
TN:
SF:src\Infrastructures\http\createServer.js
FN:10,(anonymous_0)
FN:30,(anonymous_1)
FN:53,(anonymous_2)
FNF:3
FNH:2
FNDA:20,(anonymous_0)
FNDA:0,(anonymous_1)
FNDA:24,(anonymous_2)
DA:1,3
DA:2,3
DA:3,3
DA:4,3
DA:5,3
DA:6,3
DA:7,3
DA:8,3
DA:10,3
DA:11,20
DA:16,20
DA:22,20
DA:30,0
DA:38,20
DA:53,20
DA:54,24
DA:57,24
DA:58,18
DA:60,18
DA:62,16
DA:66,16
DA:67,16
DA:70,2
DA:71,1
DA:74,1
DA:78,1
DA:79,1
DA:81,6
DA:83,20
DA:86,3
LF:30
LH:29
BRDA:57,0,0,18
BRDA:57,0,1,6
BRDA:60,1,0,16
BRDA:60,1,1,2
BRDA:70,2,0,1
BRDA:70,2,1,1
BRF:6
BRH:6
end_of_record
TN:
SF:src\Infrastructures\repository\AuthenticationRepositoryPostgres.js
FN:5,(anonymous_0)
FN:10,(anonymous_1)
FN:19,(anonymous_2)
FN:32,(anonymous_3)
FNF:4
FNH:4
FNDA:8,(anonymous_0)
FNDA:2,(anonymous_1)
FNDA:6,(anonymous_2)
FNDA:2,(anonymous_3)
DA:1,4
DA:2,4
DA:6,8
DA:7,8
DA:11,2
DA:16,2
DA:20,6
DA:25,6
DA:27,6
DA:28,3
DA:33,2
DA:38,2
DA:42,4
LF:13
LH:13
BRDA:27,0,0,3
BRDA:27,0,1,3
BRF:2
BRH:2
end_of_record
TN:
SF:src\Infrastructures\repository\FoodRepositoryPostgres.js
FN:6,(anonymous_0)
FN:12,(anonymous_1)
FN:25,(anonymous_2)
FNF:3
FNH:3
FNDA:6,(anonymous_0)
FNDA:2,(anonymous_1)
FNDA:1,(anonymous_2)
DA:1,4
DA:2,4
DA:3,4
DA:7,6
DA:8,6
DA:9,6
DA:13,2
DA:18,2
DA:20,2
DA:21,1
DA:26,1
DA:27,1
DA:29,1
DA:32,1
DA:37,1
DA:42,1
DA:46,4
LF:17
LH:17
BRDA:20,0,0,1
BRDA:20,0,1,1
BRF:2
BRH:2
end_of_record
TN:
SF:src\Infrastructures\repository\UserRepositoryPostgres.js
FN:6,(anonymous_0)
FN:12,(anonymous_1)
FN:26,(anonymous_2)
FN:48,(anonymous_3)
FN:65,(anonymous_4)
FNF:5
FNH:5
FNDA:10,(anonymous_0)
FNDA:4,(anonymous_1)
FNDA:5,(anonymous_2)
FNDA:6,(anonymous_3)
FNDA:4,(anonymous_4)
DA:1,4
DA:2,4
DA:3,4
DA:7,10
DA:8,10
DA:9,10
DA:13,4
DA:18,4
DA:21,4
DA:22,0
DA:27,5
DA:28,5
DA:29,5
DA:30,5
DA:31,5
DA:33,5
DA:38,5
DA:40,5
DA:49,6
DA:54,6
DA:56,6
DA:57,2
DA:60,4
DA:62,4
DA:66,4
DA:71,4
DA:73,4
DA:74,2
DA:77,2
DA:79,2
DA:83,4
LF:31
LH:30
BRDA:21,0,0,0
BRDA:21,0,1,4
BRDA:56,1,0,2
BRDA:56,1,1,4
BRDA:73,2,0,2
BRDA:73,2,1,2
BRF:6
BRH:5
end_of_record
TN:
SF:src\Infrastructures\security\BcryptPasswordHash.js
FN:5,(anonymous_0)
FN:11,(anonymous_1)
FN:15,(anonymous_2)
FNF:3
FNH:3
FNDA:6,(anonymous_0)
FNDA:5,(anonymous_1)
FNDA:5,(anonymous_2)
DA:1,4
DA:2,4
DA:6,6
DA:7,6
DA:8,6
DA:12,5
DA:16,5
DA:18,5
DA:19,2
DA:24,4
LF:10
LH:10
BRDA:5,0,0,6
BRDA:18,1,0,2
BRDA:18,1,1,3
BRF:3
BRH:3
end_of_record
TN:
SF:src\Infrastructures\security\JwtTokenManager.js
FN:5,(anonymous_0)
FN:10,(anonymous_1)
FN:14,(anonymous_2)
FN:18,(anonymous_3)
FN:27,(anonymous_4)
FNF:5
FNH:5
FNDA:8,(anonymous_0)
FNDA:5,(anonymous_1)
FNDA:4,(anonymous_2)
FNDA:5,(anonymous_3)
FNDA:2,(anonymous_4)
DA:1,4
DA:2,4
DA:6,8
DA:7,8
DA:11,5
DA:15,4
DA:19,5
DA:20,5
DA:21,4
DA:23,2
DA:28,2
DA:29,2
DA:33,4
LF:13
LH:13
BRF:0
BRH:0
end_of_record
TN:
SF:src\Interfaces\http\api\authentications\handler.js
FN:7,(anonymous_0)
FN:23,(anonymous_1)
FN:41,(anonymous_2)
FN:55,(anonymous_3)
FNF:4
FNH:4
FNDA:20,(anonymous_0)
FNDA:6,(anonymous_1)
FNDA:5,(anonymous_2)
FNDA:4,(anonymous_3)
DA:14,20
DA:15,20
DA:16,20
DA:18,20
DA:19,20
DA:20,20
DA:28,6
DA:30,1
DA:37,1
DA:38,1
DA:44,5
DA:47,1
DA:57,4
DA:58,1
DA:64,3
LF:15
LH:15
BRF:0
BRH:0
end_of_record
TN:
SF:src\Interfaces\http\api\authentications\index.js
FN:6,(anonymous_0)
FNF:1
FNH:1
FNDA:20,(anonymous_0)
DA:1,3
DA:2,3
DA:4,3
DA:7,20
DA:8,20
LF:5
LH:5
BRF:0
BRH:0
end_of_record
TN:
SF:src\Interfaces\http\api\authentications\routes.js
FN:1,(anonymous_0)
FNF:1
FNH:1
FNDA:20,(anonymous_0)
DA:1,20
DA:19,3
LF:2
LH:2
BRF:0
BRH:0
end_of_record
TN:
SF:src\Interfaces\http\api\foods\handler.js
FN:2,(anonymous_0)
FN:10,(anonymous_1)
FNF:2
FNH:1
FNDA:20,(anonymous_0)
FNDA:0,(anonymous_1)
DA:5,20
DA:7,20
DA:12,0
DA:14,0
DA:16,0
DA:22,0
DA:23,0
DA:27,3
LF:8
LH:3
BRF:0
BRH:0
end_of_record
TN:
SF:src\Interfaces\http\api\foods\index.js
FN:6,(anonymous_0)
FNF:1
FNH:1
FNDA:20,(anonymous_0)
DA:1,3
DA:2,3
DA:4,3
DA:7,20
DA:8,20
LF:5
LH:5
BRF:0
BRH:0
end_of_record
TN:
SF:src\Interfaces\http\api\foods\routes.js
FN:1,(anonymous_0)
FNF:1
FNH:1
FNDA:20,(anonymous_0)
DA:1,20
DA:12,3
LF:2
LH:2
BRF:0
BRH:0
end_of_record
TN:
SF:src\Interfaces\http\api\users\handler.js
FN:6,(anonymous_0)
FN:13,(anonymous_1)
FNF:2
FNH:2
FNDA:20,(anonymous_0)
FNDA:8,(anonymous_1)
DA:8,20
DA:10,20
DA:17,8
DA:19,3
DA:25,3
DA:26,3
DA:30,3
LF:7
LH:7
BRF:0
BRH:0
end_of_record
TN:
SF:src\Interfaces\http\api\users\index.js
FN:6,(anonymous_0)
FNF:1
FNH:1
FNDA:20,(anonymous_0)
DA:1,3
DA:2,3
DA:4,3
DA:7,20
DA:8,20
LF:5
LH:5
BRF:0
BRH:0
end_of_record
TN:
SF:src\Interfaces\http\api\users\routes.js
FN:1,(anonymous_0)
FNF:1
FNH:1
FNDA:20,(anonymous_0)
DA:1,20
DA:9,3
LF:2
LH:2
BRF:0
BRH:0
end_of_record
TN:
SF:tests\FoodsTableTestHelper.js
FN:7,(anonymous_0)
FN:27,(anonymous_1)
FN:49,(anonymous_2)
FN:58,(anonymous_3)
FN:68,(anonymous_4)
FN:78,(anonymous_5)
FN:88,(anonymous_6)
FNF:7
FNH:3
FNDA:1,(anonymous_0)
FNDA:0,(anonymous_1)
FNDA:0,(anonymous_2)
FNDA:0,(anonymous_3)
FNDA:1,(anonymous_4)
FNDA:0,(anonymous_5)
FNDA:3,(anonymous_6)
DA:2,1
DA:3,1
DA:6,1
DA:19,1
DA:24,1
DA:38,0
DA:46,0
DA:50,0
DA:55,0
DA:59,0
DA:64,0
DA:65,0
DA:69,1
DA:74,1
DA:75,1
DA:79,0
DA:84,0
DA:85,0
DA:89,3
DA:93,1
LF:20
LH:10
BRDA:8,0,0,1
BRDA:9,1,0,1
BRDA:10,2,0,1
BRDA:11,3,0,1
BRDA:12,4,0,1
BRDA:13,5,0,1
BRDA:14,6,0,1
BRDA:15,7,0,1
BRDA:16,8,0,1
BRDA:17,9,0,1
BRDA:28,10,0,0
BRDA:29,11,0,0
BRDA:30,12,0,0
BRDA:31,13,0,0
BRDA:32,14,0,0
BRDA:33,15,0,0
BRDA:34,16,0,0
BRDA:35,17,0,0
BRDA:36,18,0,0
BRF:19
BRH:10
end_of_record
